0 info it worked if it ends with ok
1 verbose cli [ '/usr/bin/node',
1 verbose cli   '/usr/bin/npm',
1 verbose cli   'completion',
1 verbose cli   '--',
1 verbose cli   'npm',
1 verbose cli   'install',
1 verbose cli   '' ]
2 info using npm@1.4.28
3 info using node@v0.10.40
4 verbose node symlink /usr/bin/node
5 verbose request where is /-/short
6 verbose request registry https://registry.npmjs.org/
7 verbose request id 3c0f057bcd2aeabe
8 verbose url raw /-/short
9 verbose url resolving [ 'https://registry.npmjs.org/', './-/short' ]
10 verbose url resolved https://registry.npmjs.org/-/short
11 verbose request where is https://registry.npmjs.org/-/short
12 info trying registry request attempt 1 at 10:59:00
13 http GET https://registry.npmjs.org/-/short
14 http 404 https://registry.npmjs.org/-/short
15 silly registry.get cb [ 404,
15 silly registry.get   { 'content-type': 'application/json',
15 silly registry.get     'cache-control': 'max-age=0',
15 silly registry.get     'content-length': '2',
15 silly registry.get     'accept-ranges': 'bytes',
15 silly registry.get     date: 'Wed, 02 Dec 2015 05:28:59 GMT',
15 silly registry.get     via: '1.1 varnish',
15 silly registry.get     connection: 'keep-alive',
15 silly registry.get     'x-served-by': 'cache-sin6927-SIN',
15 silly registry.get     'x-cache': 'MISS',
15 silly registry.get     'x-cache-hits': '0',
15 silly registry.get     'x-timer': 'S1449034139.141473,VS0,VE224' } ]
16 error TypeError: Object #<Object> has no method 'match'
16 error     at escape (/usr/lib/node_modules/npm/lib/completion.js:185:10)
16 error     at /usr/lib/node_modules/npm/lib/completion.js:199:14
16 error     at Array.map (native)
16 error     at /usr/lib/node_modules/npm/lib/completion.js:197:19
16 error     at /usr/lib/node_modules/npm/lib/install.js:40:35
16 error     at saved (/usr/lib/node_modules/npm/node_modules/npm-registry-client/lib/get.js:167:7)
16 error     at Object.oncomplete (fs.js:108:15)
17 error If you need help, you may report this *entire* log,
17 error including the npm and node versions, at:
17 error     <http://github.com/npm/npm/issues>
18 error System Linux 3.4.0-030400-generic
19 error command "/usr/bin/node" "/usr/bin/npm" "completion" "--" "npm" "install" ""
20 error cwd /data/html/snehal/TodoList
21 error node -v v0.10.40
22 error npm -v 1.4.28
23 error type undefined_method
24 verbose exit [ 1, true ]
